
*** Running vivado
    with args -log lab2_2_1TOP.vds -m64 -product Vivado -mode batch -messageDb vivado.pb -notrace -source lab2_2_1TOP.tcl


****** Vivado v2019.2 (64-bit)
  **** SW Build 2708876 on Wed Nov  6 21:40:23 MST 2019
  **** IP Build 2700528 on Thu Nov  7 00:09:20 MST 2019
    ** Copyright 1986-2019 Xilinx, Inc. All Rights Reserved.

source lab2_2_1TOP.tcl -notrace
Command: synth_design -top lab2_2_1TOP -part xc7a35tcpg236-1
Starting synth_design
Attempting to get a license for feature 'Synthesis' and/or device 'xc7a35t'
INFO: [Common 17-349] Got license for feature 'Synthesis' and/or device 'xc7a35t'
INFO: [Device 21-403] Loading part xc7a35tcpg236-1
INFO: Launching helper process for spawning children vivado processes
INFO: Helper process launched with PID 8236 
---------------------------------------------------------------------------------
Starting RTL Elaboration : Time (s): cpu = 00:00:04 ; elapsed = 00:00:04 . Memory (MB): peak = 834.910 ; gain = 233.512
---------------------------------------------------------------------------------
INFO: [Synth 8-6157] synthesizing module 'lab2_2_1TOP' [C:/Users/xy424/Documents/VivadoRepository/lab2_2_1/lab2_2_1.srcs/sources_1/new/lab2_2_1TOP.v:23]
INFO: [Synth 8-6157] synthesizing module 'lab2_2_1' [C:/Users/xy424/Documents/VivadoRepository/lab2_2_1/lab2_2_1.srcs/sources_1/new/lab2_2_1.v:23]
INFO: [Synth 8-6157] synthesizing module 'comparator_dataflow' [C:/Users/xy424/Documents/VivadoRepository/lab2_2_1/lab2_2_1.srcs/sources_1/new/comparator_dataflow.v:23]
INFO: [Synth 8-6155] done synthesizing module 'comparator_dataflow' (1#1) [C:/Users/xy424/Documents/VivadoRepository/lab2_2_1/lab2_2_1.srcs/sources_1/new/comparator_dataflow.v:23]
INFO: [Synth 8-6157] synthesizing module 'lab2_circuitA_dataflow' [C:/Users/xy424/Documents/VivadoRepository/lab2_2_1/lab2_2_1.srcs/sources_1/new/lab2_circuitA_dataflow.v:23]
INFO: [Synth 8-6155] done synthesizing module 'lab2_circuitA_dataflow' (2#1) [C:/Users/xy424/Documents/VivadoRepository/lab2_2_1/lab2_2_1.srcs/sources_1/new/lab2_circuitA_dataflow.v:23]
INFO: [Synth 8-6157] synthesizing module 'mux_2to1' [C:/Users/xy424/Documents/VivadoRepository/lab2_2_1/lab2_2_1.srcs/sources_1/new/mux_2to1.v:23]
INFO: [Synth 8-6155] done synthesizing module 'mux_2to1' (3#1) [C:/Users/xy424/Documents/VivadoRepository/lab2_2_1/lab2_2_1.srcs/sources_1/new/mux_2to1.v:23]
INFO: [Synth 8-6155] done synthesizing module 'lab2_2_1' (4#1) [C:/Users/xy424/Documents/VivadoRepository/lab2_2_1/lab2_2_1.srcs/sources_1/new/lab2_2_1.v:23]
INFO: [Synth 8-6157] synthesizing module 'SegmentDisplay' [C:/Users/xy424/Documents/VivadoRepository/lab2_2_1/lab2_2_1.srcs/sources_1/new/SegmentDisplay.v:23]
INFO: [Synth 8-6155] done synthesizing module 'SegmentDisplay' (5#1) [C:/Users/xy424/Documents/VivadoRepository/lab2_2_1/lab2_2_1.srcs/sources_1/new/SegmentDisplay.v:23]
INFO: [Synth 8-6155] done synthesizing module 'lab2_2_1TOP' (6#1) [C:/Users/xy424/Documents/VivadoRepository/lab2_2_1/lab2_2_1.srcs/sources_1/new/lab2_2_1TOP.v:23]
WARNING: [Synth 8-3331] design comparator_dataflow has unconnected port v[0]
---------------------------------------------------------------------------------
Finished RTL Elaboration : Time (s): cpu = 00:00:05 ; elapsed = 00:00:05 . Memory (MB): peak = 907.453 ; gain = 306.055
---------------------------------------------------------------------------------

Report Check Netlist: 
+------+------------------+-------+---------+-------+------------------+
|      |Item              |Errors |Warnings |Status |Description       |
+------+------------------+-------+---------+-------+------------------+
|1     |multi_driven_nets |      0|        0|Passed |Multi driven nets |
+------+------------------+-------+---------+-------+------------------+
---------------------------------------------------------------------------------
Start Handling Custom Attributes
---------------------------------------------------------------------------------
---------------------------------------------------------------------------------
Finished Handling Custom Attributes : Time (s): cpu = 00:00:05 ; elapsed = 00:00:05 . Memory (MB): peak = 907.453 ; gain = 306.055
---------------------------------------------------------------------------------
---------------------------------------------------------------------------------
Finished RTL Optimization Phase 1 : Time (s): cpu = 00:00:05 ; elapsed = 00:00:05 . Memory (MB): peak = 907.453 ; gain = 306.055
---------------------------------------------------------------------------------
Netlist sorting complete. Time (s): cpu = 00:00:00 ; elapsed = 00:00:00.001 . Memory (MB): peak = 907.453 ; gain = 0.000
INFO: [Project 1-570] Preparing netlist for logic optimization

Processing XDC Constraints
Initializing timing engine
Parsing XDC File [C:/Users/xy424/Documents/VivadoRepository/lab2_2_1/lab2_2_1.srcs/constrs_1/new/basys.xdc]
Finished Parsing XDC File [C:/Users/xy424/Documents/VivadoRepository/lab2_2_1/lab2_2_1.srcs/constrs_1/new/basys.xdc]
INFO: [Project 1-236] Implementation specific constraints were found while reading constraint file [C:/Users/xy424/Documents/VivadoRepository/lab2_2_1/lab2_2_1.srcs/constrs_1/new/basys.xdc]. These constraints will be ignored for synthesis but will be used in implementation. Impacted constraints are listed in the file [.Xil/lab2_2_1TOP_propImpl.xdc].
Resolution: To avoid this warning, move constraints listed in [.Xil/lab2_2_1TOP_propImpl.xdc] to another XDC file and exclude this new file from synthesis with the used_in_synthesis property (File Properties dialog in GUI) and re-run elaboration/synthesis.
Completed Processing XDC Constraints

Netlist sorting complete. Time (s): cpu = 00:00:00 ; elapsed = 00:00:00 . Memory (MB): peak = 974.219 ; gain = 0.000
INFO: [Project 1-111] Unisim Transformation Summary:
No Unisim elements were transformed.

Constraint Validation Runtime : Time (s): cpu = 00:00:00 ; elapsed = 00:00:00.005 . Memory (MB): peak = 974.219 ; gain = 0.000
---------------------------------------------------------------------------------
Finished Constraint Validation : Time (s): cpu = 00:00:11 ; elapsed = 00:00:11 . Memory (MB): peak = 974.219 ; gain = 372.820
---------------------------------------------------------------------------------
---------------------------------------------------------------------------------
Start Loading Part and Timing Information
---------------------------------------------------------------------------------
Loading part: xc7a35tcpg236-1
---------------------------------------------------------------------------------
Finished Loading Part and Timing Information : Time (s): cpu = 00:00:11 ; elapsed = 00:00:11 . Memory (MB): peak = 974.219 ; gain = 372.820
---------------------------------------------------------------------------------
---------------------------------------------------------------------------------
Start Applying 'set_property' XDC Constraints
---------------------------------------------------------------------------------
---------------------------------------------------------------------------------
Finished applying 'set_property' XDC Constraints : Time (s): cpu = 00:00:11 ; elapsed = 00:00:11 . Memory (MB): peak = 974.219 ; gain = 372.820
---------------------------------------------------------------------------------
---------------------------------------------------------------------------------
Finished RTL Optimization Phase 2 : Time (s): cpu = 00:00:11 ; elapsed = 00:00:11 . Memory (MB): peak = 974.219 ; gain = 372.820
---------------------------------------------------------------------------------

Report RTL Partitions: 
+-+--------------+------------+----------+
| |RTL Partition |Replication |Instances |
+-+--------------+------------+----------+
+-+--------------+------------+----------+
---------------------------------------------------------------------------------
Start RTL Component Statistics 
---------------------------------------------------------------------------------
Detailed RTL Component Info : 
---------------------------------------------------------------------------------
Finished RTL Component Statistics 
---------------------------------------------------------------------------------
---------------------------------------------------------------------------------
Start RTL Hierarchical Component Statistics 
---------------------------------------------------------------------------------
Hierarchical RTL Component report 
---------------------------------------------------------------------------------
Finished RTL Hierarchical Component Statistics
---------------------------------------------------------------------------------
---------------------------------------------------------------------------------
Start Part Resource Summary
---------------------------------------------------------------------------------
Part Resources:
DSPs: 90 (col length:60)
BRAMs: 100 (col length: RAMB18 60 RAMB36 30)
---------------------------------------------------------------------------------
Finished Part Resource Summary
---------------------------------------------------------------------------------
---------------------------------------------------------------------------------
Start Cross Boundary and Area Optimization
---------------------------------------------------------------------------------
Warning: Parallel synthesis criteria is not met 
WARNING: [Synth 8-3917] design lab2_2_1TOP has port an[3] driven by constant 1
WARNING: [Synth 8-3917] design lab2_2_1TOP has port an[2] driven by constant 1
WARNING: [Synth 8-3917] design lab2_2_1TOP has port an[1] driven by constant 1
WARNING: [Synth 8-3917] design lab2_2_1TOP has port an[0] driven by constant 0
---------------------------------------------------------------------------------
Finished Cross Boundary and Area Optimization : Time (s): cpu = 00:00:12 ; elapsed = 00:00:12 . Memory (MB): peak = 974.219 ; gain = 372.820
---------------------------------------------------------------------------------

Report RTL Partitions: 
+-+--------------+------------+----------+
| |RTL Partition |Replication |Instances |
+-+--------------+------------+----------+
+-+--------------+------------+----------+
---------------------------------------------------------------------------------
Start Applying XDC Timing Constraints
---------------------------------------------------------------------------------
---------------------------------------------------------------------------------
Finished Applying XDC Timing Constraints : Time (s): cpu = 00:00:19 ; elapsed = 00:00:19 . Memory (MB): peak = 982.195 ; gain = 380.797
---------------------------------------------------------------------------------
---------------------------------------------------------------------------------
Start Timing Optimization
---------------------------------------------------------------------------------
---------------------------------------------------------------------------------
Finished Timing Optimization : Time (s): cpu = 00:00:19 ; elapsed = 00:00:19 . Memory (MB): peak = 982.195 ; gain = 380.797
---------------------------------------------------------------------------------

Report RTL Partitions: 
+-+--------------+------------+----------+
| |RTL Partition |Replication |Instances |
+-+--------------+------------+----------+
+-+--------------+------------+----------+
---------------------------------------------------------------------------------
Start Technology Mapping
---------------------------------------------------------------------------------
---------------------------------------------------------------------------------
Finished Technology Mapping : Time (s): cpu = 00:00:19 ; elapsed = 00:00:19 . Memory (MB): peak = 992.605 ; gain = 391.207
---------------------------------------------------------------------------------

Report RTL Partitions: 
+-+--------------+------------+----------+
| |RTL Partition |Replication |Instances |
+-+--------------+------------+----------+
+-+--------------+------------+----------+
---------------------------------------------------------------------------------
Start IO Insertion
---------------------------------------------------------------------------------
---------------------------------------------------------------------------------
Start Flattening Before IO Insertion
---------------------------------------------------------------------------------
---------------------------------------------------------------------------------
Finished Flattening Before IO Insertion
---------------------------------------------------------------------------------
---------------------------------------------------------------------------------
Start Final Netlist Cleanup
---------------------------------------------------------------------------------
---------------------------------------------------------------------------------
Finished Final Netlist Cleanup
---------------------------------------------------------------------------------
---------------------------------------------------------------------------------
Finished IO Insertion : Time (s): cpu = 00:00:22 ; elapsed = 00:00:23 . Memory (MB): peak = 1007.426 ; gain = 406.027
---------------------------------------------------------------------------------
---------------------------------------------------------------------------------
Start Renaming Generated Instances
---------------------------------------------------------------------------------
---------------------------------------------------------------------------------
Finished Renaming Generated Instances : Time (s): cpu = 00:00:22 ; elapsed = 00:00:23 . Memory (MB): peak = 1007.426 ; gain = 406.027
---------------------------------------------------------------------------------

Report RTL Partitions: 
+-+--------------+------------+----------+
| |RTL Partition |Replication |Instances |
+-+--------------+------------+----------+
+-+--------------+------------+----------+

Report Check Netlist: 
+------+------------------+-------+---------+-------+------------------+
|      |Item              |Errors |Warnings |Status |Description       |
+------+------------------+-------+---------+-------+------------------+
|1     |multi_driven_nets |      0|        0|Passed |Multi driven nets |
+------+------------------+-------+---------+-------+------------------+
---------------------------------------------------------------------------------
Start Rebuilding User Hierarchy
---------------------------------------------------------------------------------
---------------------------------------------------------------------------------
Finished Rebuilding User Hierarchy : Time (s): cpu = 00:00:22 ; elapsed = 00:00:23 . Memory (MB): peak = 1007.426 ; gain = 406.027
---------------------------------------------------------------------------------
---------------------------------------------------------------------------------
Start Renaming Generated Ports
---------------------------------------------------------------------------------
---------------------------------------------------------------------------------
Finished Renaming Generated Ports : Time (s): cpu = 00:00:22 ; elapsed = 00:00:23 . Memory (MB): peak = 1007.426 ; gain = 406.027
---------------------------------------------------------------------------------
---------------------------------------------------------------------------------
Start Handling Custom Attributes
---------------------------------------------------------------------------------
---------------------------------------------------------------------------------
Finished Handling Custom Attributes : Time (s): cpu = 00:00:22 ; elapsed = 00:00:23 . Memory (MB): peak = 1007.426 ; gain = 406.027
---------------------------------------------------------------------------------
---------------------------------------------------------------------------------
Start Renaming Generated Nets
---------------------------------------------------------------------------------
---------------------------------------------------------------------------------
Finished Renaming Generated Nets : Time (s): cpu = 00:00:22 ; elapsed = 00:00:23 . Memory (MB): peak = 1007.426 ; gain = 406.027
---------------------------------------------------------------------------------
---------------------------------------------------------------------------------
Start Writing Synthesis Report
---------------------------------------------------------------------------------

Report BlackBoxes: 
+-+--------------+----------+
| |BlackBox name |Instances |
+-+--------------+----------+
+-+--------------+----------+

Report Cell Usage: 
+------+-----+------+
|      |Cell |Count |
+------+-----+------+
|1     |LUT3 |     1|
|2     |LUT4 |     7|
|3     |IBUF |     4|
|4     |OBUF |    13|
+------+-----+------+

Report Instance Areas: 
+------+----------+--------------------+------+
|      |Instance  |Module              |Cells |
+------+----------+--------------------+------+
|1     |top       |                    |    25|
|2     |  lab1    |lab2_2_1            |     1|
|3     |    comp1 |comparator_dataflow |     1|
+------+----------+--------------------+------+
---------------------------------------------------------------------------------
Finished Writing Synthesis Report : Time (s): cpu = 00:00:22 ; elapsed = 00:00:23 . Memory (MB): peak = 1007.426 ; gain = 406.027
---------------------------------------------------------------------------------
Synthesis finished with 0 errors, 0 critical warnings and 4 warnings.
Synthesis Optimization Runtime : Time (s): cpu = 00:00:16 ; elapsed = 00:00:21 . Memory (MB): peak = 1007.426 ; gain = 339.262
Synthesis Optimization Complete : Time (s): cpu = 00:00:23 ; elapsed = 00:00:23 . Memory (MB): peak = 1007.426 ; gain = 406.027
INFO: [Project 1-571] Translating synthesized netlist
Netlist sorting complete. Time (s): cpu = 00:00:00 ; elapsed = 00:00:00 . Memory (MB): peak = 1019.488 ; gain = 0.000
INFO: [Project 1-570] Preparing netlist for logic optimization
INFO: [Opt 31-138] Pushed 0 inverter(s) to 0 load pin(s).
Netlist sorting complete. Time (s): cpu = 00:00:00 ; elapsed = 00:00:00 . Memory (MB): peak = 1023.449 ; gain = 0.000
INFO: [Project 1-111] Unisim Transformation Summary:
No Unisim elements were transformed.

INFO: [Common 17-83] Releasing license: Synthesis
22 Infos, 5 Warnings, 0 Critical Warnings and 0 Errors encountered.
synth_design completed successfully
synth_design: Time (s): cpu = 00:00:26 ; elapsed = 00:00:28 . Memory (MB): peak = 1023.449 ; gain = 717.754
Netlist sorting complete. Time (s): cpu = 00:00:00 ; elapsed = 00:00:00 . Memory (MB): peak = 1023.449 ; gain = 0.000
WARNING: [Constraints 18-5210] No constraints selected for write.
Resolution: This message can indicate that there are no constraints for the design, or it can indicate that the used_in flags are set such that the constraints are ignored. This later case is used when running synth_design to not write synthesis constraints to the resulting checkpoint. Instead, project constraints are read when the synthesized design is opened.
INFO: [Common 17-1381] The checkpoint 'C:/Users/xy424/Documents/VivadoRepository/lab2_2_1/lab2_2_1.runs/synth_1/lab2_2_1TOP.dcp' has been generated.
INFO: [runtcl-4] Executing : report_utilization -file lab2_2_1TOP_utilization_synth.rpt -pb lab2_2_1TOP_utilization_synth.pb
INFO: [Common 17-206] Exiting Vivado at Thu May 28 21:44:16 2020...
