
*** Running vivado
    with args -log mealycounter.vds -m64 -product Vivado -mode batch -messageDb vivado.pb -notrace -source mealycounter.tcl


****** Vivado v2019.2 (64-bit)
  **** SW Build 2708876 on Wed Nov  6 21:40:23 MST 2019
  **** IP Build 2700528 on Thu Nov  7 00:09:20 MST 2019
    ** Copyright 1986-2019 Xilinx, Inc. All Rights Reserved.

source mealycounter.tcl -notrace
Command: synth_design -top mealycounter -part xc7a35tcpg236-1
Starting synth_design
Attempting to get a license for feature 'Synthesis' and/or device 'xc7a35t'
INFO: [Common 17-349] Got license for feature 'Synthesis' and/or device 'xc7a35t'
INFO: [Device 21-403] Loading part xc7a35tcpg236-1
INFO: Launching helper process for spawning children vivado processes
INFO: Helper process launched with PID 15320 
---------------------------------------------------------------------------------
Starting RTL Elaboration : Time (s): cpu = 00:00:05 ; elapsed = 00:00:05 . Memory (MB): peak = 835.738 ; gain = 235.066
---------------------------------------------------------------------------------
INFO: [Synth 8-6157] synthesizing module 'mealycounter' [C:/Users/xy424/Documents/VivadoRepository/lab10_3_1/lab10_3_1.srcs/sources_1/new/mealycounter.v:23]
	Parameter s0 bound to: 0 - type: integer 
	Parameter s1 bound to: 1 - type: integer 
	Parameter s2 bound to: 2 - type: integer 
	Parameter s3 bound to: 3 - type: integer 
	Parameter s4 bound to: 4 - type: integer 
	Parameter s5 bound to: 5 - type: integer 
	Parameter s6 bound to: 6 - type: integer 
INFO: [Synth 8-6157] synthesizing module 'MY_ROM' [C:/Users/xy424/Documents/VivadoRepository/lab10_3_1/lab10_3_1.srcs/sources_1/new/MY_ROM.v:23]
INFO: [Synth 8-3876] $readmem data file 'ROM_data.mem' is read successfully [C:/Users/xy424/Documents/VivadoRepository/lab10_3_1/lab10_3_1.srcs/sources_1/new/MY_ROM.v:32]
INFO: [Synth 8-6155] done synthesizing module 'MY_ROM' (1#1) [C:/Users/xy424/Documents/VivadoRepository/lab10_3_1/lab10_3_1.srcs/sources_1/new/MY_ROM.v:23]
WARNING: [Synth 8-6090] variable 'hold' is written by both blocking and non-blocking assignments, entire logic could be removed [C:/Users/xy424/Documents/VivadoRepository/lab10_3_1/lab10_3_1.srcs/sources_1/new/mealycounter.v:48]
WARNING: [Synth 8-6090] variable 'hold' is written by both blocking and non-blocking assignments, entire logic could be removed [C:/Users/xy424/Documents/VivadoRepository/lab10_3_1/lab10_3_1.srcs/sources_1/new/mealycounter.v:52]
WARNING: [Synth 8-6090] variable 'hold' is written by both blocking and non-blocking assignments, entire logic could be removed [C:/Users/xy424/Documents/VivadoRepository/lab10_3_1/lab10_3_1.srcs/sources_1/new/mealycounter.v:56]
WARNING: [Synth 8-6090] variable 'hold' is written by both blocking and non-blocking assignments, entire logic could be removed [C:/Users/xy424/Documents/VivadoRepository/lab10_3_1/lab10_3_1.srcs/sources_1/new/mealycounter.v:60]
WARNING: [Synth 8-6090] variable 'hold' is written by both blocking and non-blocking assignments, entire logic could be removed [C:/Users/xy424/Documents/VivadoRepository/lab10_3_1/lab10_3_1.srcs/sources_1/new/mealycounter.v:64]
WARNING: [Synth 8-6090] variable 'hold' is written by both blocking and non-blocking assignments, entire logic could be removed [C:/Users/xy424/Documents/VivadoRepository/lab10_3_1/lab10_3_1.srcs/sources_1/new/mealycounter.v:68]
INFO: [Synth 8-155] case statement is not full and has no default [C:/Users/xy424/Documents/VivadoRepository/lab10_3_1/lab10_3_1.srcs/sources_1/new/mealycounter.v:46]
INFO: [Synth 8-6155] done synthesizing module 'mealycounter' (2#1) [C:/Users/xy424/Documents/VivadoRepository/lab10_3_1/lab10_3_1.srcs/sources_1/new/mealycounter.v:23]
---------------------------------------------------------------------------------
Finished RTL Elaboration : Time (s): cpu = 00:00:06 ; elapsed = 00:00:06 . Memory (MB): peak = 907.492 ; gain = 306.820
---------------------------------------------------------------------------------

Report Check Netlist: 
+------+------------------+-------+---------+-------+------------------+
|      |Item              |Errors |Warnings |Status |Description       |
+------+------------------+-------+---------+-------+------------------+
|1     |multi_driven_nets |      0|        0|Passed |Multi driven nets |
+------+------------------+-------+---------+-------+------------------+
---------------------------------------------------------------------------------
Start Handling Custom Attributes
---------------------------------------------------------------------------------
---------------------------------------------------------------------------------
Finished Handling Custom Attributes : Time (s): cpu = 00:00:07 ; elapsed = 00:00:07 . Memory (MB): peak = 907.492 ; gain = 306.820
---------------------------------------------------------------------------------
---------------------------------------------------------------------------------
Finished RTL Optimization Phase 1 : Time (s): cpu = 00:00:07 ; elapsed = 00:00:07 . Memory (MB): peak = 907.492 ; gain = 306.820
---------------------------------------------------------------------------------
Netlist sorting complete. Time (s): cpu = 00:00:00 ; elapsed = 00:00:00.001 . Memory (MB): peak = 907.492 ; gain = 0.000
INFO: [Project 1-570] Preparing netlist for logic optimization

Processing XDC Constraints
Initializing timing engine
Parsing XDC File [C:/Users/xy424/Documents/VivadoRepository/lab10_3_1/lab10_3_1.srcs/constrs_1/new/basys.xdc]
Finished Parsing XDC File [C:/Users/xy424/Documents/VivadoRepository/lab10_3_1/lab10_3_1.srcs/constrs_1/new/basys.xdc]
INFO: [Project 1-236] Implementation specific constraints were found while reading constraint file [C:/Users/xy424/Documents/VivadoRepository/lab10_3_1/lab10_3_1.srcs/constrs_1/new/basys.xdc]. These constraints will be ignored for synthesis but will be used in implementation. Impacted constraints are listed in the file [.Xil/mealycounter_propImpl.xdc].
Resolution: To avoid this warning, move constraints listed in [.Xil/mealycounter_propImpl.xdc] to another XDC file and exclude this new file from synthesis with the used_in_synthesis property (File Properties dialog in GUI) and re-run elaboration/synthesis.
Completed Processing XDC Constraints

Netlist sorting complete. Time (s): cpu = 00:00:00 ; elapsed = 00:00:00 . Memory (MB): peak = 957.297 ; gain = 0.000
INFO: [Project 1-111] Unisim Transformation Summary:
No Unisim elements were transformed.

Constraint Validation Runtime : Time (s): cpu = 00:00:00 ; elapsed = 00:00:00.003 . Memory (MB): peak = 957.297 ; gain = 0.000
---------------------------------------------------------------------------------
Finished Constraint Validation : Time (s): cpu = 00:00:14 ; elapsed = 00:00:14 . Memory (MB): peak = 957.297 ; gain = 356.625
---------------------------------------------------------------------------------
---------------------------------------------------------------------------------
Start Loading Part and Timing Information
---------------------------------------------------------------------------------
Loading part: xc7a35tcpg236-1
---------------------------------------------------------------------------------
Finished Loading Part and Timing Information : Time (s): cpu = 00:00:14 ; elapsed = 00:00:14 . Memory (MB): peak = 957.297 ; gain = 356.625
---------------------------------------------------------------------------------
---------------------------------------------------------------------------------
Start Applying 'set_property' XDC Constraints
---------------------------------------------------------------------------------
---------------------------------------------------------------------------------
Finished applying 'set_property' XDC Constraints : Time (s): cpu = 00:00:14 ; elapsed = 00:00:14 . Memory (MB): peak = 957.297 ; gain = 356.625
---------------------------------------------------------------------------------
INFO: [Synth 8-5544] ROM "ROM" won't be mapped to Block RAM because address size (3) smaller than threshold (5)
INFO: [Synth 8-802] inferred FSM for state register 'state_reg' in module 'mealycounter'
INFO: [Synth 8-5544] ROM "hold" won't be mapped to Block RAM because address size (3) smaller than threshold (5)
WARNING: [Synth 8-327] inferring latch for variable 'FSM_sequential_nextstate_reg' [C:/Users/xy424/Documents/VivadoRepository/lab10_3_1/lab10_3_1.srcs/sources_1/new/mealycounter.v:49]
WARNING: [Synth 8-327] inferring latch for variable 'FSM_onehot_nextstate_reg' [C:/Users/xy424/Documents/VivadoRepository/lab10_3_1/lab10_3_1.srcs/sources_1/new/mealycounter.v:49]
---------------------------------------------------------------------------------------------------
                   State |                     New Encoding |                Previous Encoding 
---------------------------------------------------------------------------------------------------
                      s0 |                           000001 |                              000
                      s1 |                           000010 |                              001
                      s2 |                           000100 |                              010
                      s3 |                           001000 |                              011
                      s4 |                           010000 |                              100
                      s5 |                           100000 |                              101
---------------------------------------------------------------------------------------------------
INFO: [Synth 8-3354] encoded FSM with state register 'state_reg' using encoding 'one-hot' in module 'mealycounter'
WARNING: [Synth 8-327] inferring latch for variable 'FSM_onehot_nextstate_reg' [C:/Users/xy424/Documents/VivadoRepository/lab10_3_1/lab10_3_1.srcs/sources_1/new/mealycounter.v:49]
---------------------------------------------------------------------------------
Finished RTL Optimization Phase 2 : Time (s): cpu = 00:00:14 ; elapsed = 00:00:15 . Memory (MB): peak = 957.297 ; gain = 356.625
---------------------------------------------------------------------------------

Report RTL Partitions: 
+-+--------------+------------+----------+
| |RTL Partition |Replication |Instances |
+-+--------------+------------+----------+
+-+--------------+------------+----------+
---------------------------------------------------------------------------------
Start RTL Component Statistics 
---------------------------------------------------------------------------------
Detailed RTL Component Info : 
+---Muxes : 
	   7 Input      3 Bit        Muxes := 1     
	   6 Input      3 Bit        Muxes := 2     
	   6 Input      1 Bit        Muxes := 2     
---------------------------------------------------------------------------------
Finished RTL Component Statistics 
---------------------------------------------------------------------------------
---------------------------------------------------------------------------------
Start RTL Hierarchical Component Statistics 
---------------------------------------------------------------------------------
Hierarchical RTL Component report 
Module mealycounter 
Detailed RTL Component Info : 
+---Muxes : 
	   6 Input      3 Bit        Muxes := 2     
	   6 Input      1 Bit        Muxes := 2     
Module MY_ROM 
Detailed RTL Component Info : 
+---Muxes : 
	   7 Input      3 Bit        Muxes := 1     
---------------------------------------------------------------------------------
Finished RTL Hierarchical Component Statistics
---------------------------------------------------------------------------------
---------------------------------------------------------------------------------
Start Part Resource Summary
---------------------------------------------------------------------------------
Part Resources:
DSPs: 90 (col length:60)
BRAMs: 100 (col length: RAMB18 60 RAMB36 30)
---------------------------------------------------------------------------------
Finished Part Resource Summary
---------------------------------------------------------------------------------
---------------------------------------------------------------------------------
Start Cross Boundary and Area Optimization
---------------------------------------------------------------------------------
Warning: Parallel synthesis criteria is not met 
---------------------------------------------------------------------------------
Finished Cross Boundary and Area Optimization : Time (s): cpu = 00:00:16 ; elapsed = 00:00:16 . Memory (MB): peak = 957.297 ; gain = 356.625
---------------------------------------------------------------------------------

Report RTL Partitions: 
+-+--------------+------------+----------+
| |RTL Partition |Replication |Instances |
+-+--------------+------------+----------+
+-+--------------+------------+----------+
---------------------------------------------------------------------------------
Start Applying XDC Timing Constraints
---------------------------------------------------------------------------------
---------------------------------------------------------------------------------
Finished Applying XDC Timing Constraints : Time (s): cpu = 00:00:25 ; elapsed = 00:00:25 . Memory (MB): peak = 981.938 ; gain = 381.266
---------------------------------------------------------------------------------
---------------------------------------------------------------------------------
Start Timing Optimization
---------------------------------------------------------------------------------
---------------------------------------------------------------------------------
Finished Timing Optimization : Time (s): cpu = 00:00:25 ; elapsed = 00:00:25 . Memory (MB): peak = 981.938 ; gain = 381.266
---------------------------------------------------------------------------------

Report RTL Partitions: 
+-+--------------+------------+----------+
| |RTL Partition |Replication |Instances |
+-+--------------+------------+----------+
+-+--------------+------------+----------+
---------------------------------------------------------------------------------
Start Technology Mapping
---------------------------------------------------------------------------------
---------------------------------------------------------------------------------
Finished Technology Mapping : Time (s): cpu = 00:00:25 ; elapsed = 00:00:26 . Memory (MB): peak = 992.035 ; gain = 391.363
---------------------------------------------------------------------------------

Report RTL Partitions: 
+-+--------------+------------+----------+
| |RTL Partition |Replication |Instances |
+-+--------------+------------+----------+
+-+--------------+------------+----------+
---------------------------------------------------------------------------------
Start IO Insertion
---------------------------------------------------------------------------------
---------------------------------------------------------------------------------
Start Flattening Before IO Insertion
---------------------------------------------------------------------------------
---------------------------------------------------------------------------------
Finished Flattening Before IO Insertion
---------------------------------------------------------------------------------
---------------------------------------------------------------------------------
Start Final Netlist Cleanup
---------------------------------------------------------------------------------
---------------------------------------------------------------------------------
Finished Final Netlist Cleanup
---------------------------------------------------------------------------------
---------------------------------------------------------------------------------
Finished IO Insertion : Time (s): cpu = 00:00:30 ; elapsed = 00:00:30 . Memory (MB): peak = 1006.805 ; gain = 406.133
---------------------------------------------------------------------------------
---------------------------------------------------------------------------------
Start Renaming Generated Instances
---------------------------------------------------------------------------------
---------------------------------------------------------------------------------
Finished Renaming Generated Instances : Time (s): cpu = 00:00:30 ; elapsed = 00:00:30 . Memory (MB): peak = 1006.805 ; gain = 406.133
---------------------------------------------------------------------------------

Report RTL Partitions: 
+-+--------------+------------+----------+
| |RTL Partition |Replication |Instances |
+-+--------------+------------+----------+
+-+--------------+------------+----------+

Report Check Netlist: 
+------+------------------+-------+---------+-------+------------------+
|      |Item              |Errors |Warnings |Status |Description       |
+------+------------------+-------+---------+-------+------------------+
|1     |multi_driven_nets |      0|        0|Passed |Multi driven nets |
+------+------------------+-------+---------+-------+------------------+
---------------------------------------------------------------------------------
Start Rebuilding User Hierarchy
---------------------------------------------------------------------------------
---------------------------------------------------------------------------------
Finished Rebuilding User Hierarchy : Time (s): cpu = 00:00:30 ; elapsed = 00:00:30 . Memory (MB): peak = 1006.805 ; gain = 406.133
---------------------------------------------------------------------------------
---------------------------------------------------------------------------------
Start Renaming Generated Ports
---------------------------------------------------------------------------------
---------------------------------------------------------------------------------
Finished Renaming Generated Ports : Time (s): cpu = 00:00:30 ; elapsed = 00:00:30 . Memory (MB): peak = 1006.805 ; gain = 406.133
---------------------------------------------------------------------------------
---------------------------------------------------------------------------------
Start Handling Custom Attributes
---------------------------------------------------------------------------------
---------------------------------------------------------------------------------
Finished Handling Custom Attributes : Time (s): cpu = 00:00:30 ; elapsed = 00:00:30 . Memory (MB): peak = 1006.805 ; gain = 406.133
---------------------------------------------------------------------------------
---------------------------------------------------------------------------------
Start Renaming Generated Nets
---------------------------------------------------------------------------------
---------------------------------------------------------------------------------
Finished Renaming Generated Nets : Time (s): cpu = 00:00:30 ; elapsed = 00:00:30 . Memory (MB): peak = 1006.805 ; gain = 406.133
---------------------------------------------------------------------------------
---------------------------------------------------------------------------------
Start Writing Synthesis Report
---------------------------------------------------------------------------------

Report BlackBoxes: 
+-+--------------+----------+
| |BlackBox name |Instances |
+-+--------------+----------+
+-+--------------+----------+

Report Cell Usage: 
+------+-----+------+
|      |Cell |Count |
+------+-----+------+
|1     |BUFG |     1|
|2     |LUT5 |     3|
|3     |LUT6 |     1|
|4     |FDCE |     5|
|5     |FDPE |     1|
|6     |LD   |     6|
|7     |IBUF |     2|
|8     |OBUF |     3|
+------+-----+------+

Report Instance Areas: 
+------+---------+-------+------+
|      |Instance |Module |Cells |
+------+---------+-------+------+
|1     |top      |       |    22|
+------+---------+-------+------+
---------------------------------------------------------------------------------
Finished Writing Synthesis Report : Time (s): cpu = 00:00:30 ; elapsed = 00:00:31 . Memory (MB): peak = 1006.805 ; gain = 406.133
---------------------------------------------------------------------------------
Synthesis finished with 0 errors, 0 critical warnings and 3 warnings.
Synthesis Optimization Runtime : Time (s): cpu = 00:00:21 ; elapsed = 00:00:28 . Memory (MB): peak = 1006.805 ; gain = 356.328
Synthesis Optimization Complete : Time (s): cpu = 00:00:30 ; elapsed = 00:00:31 . Memory (MB): peak = 1006.805 ; gain = 406.133
INFO: [Project 1-571] Translating synthesized netlist
Netlist sorting complete. Time (s): cpu = 00:00:00 ; elapsed = 00:00:00 . Memory (MB): peak = 1006.805 ; gain = 0.000
INFO: [Netlist 29-17] Analyzing 6 Unisim elements for replacement
INFO: [Netlist 29-28] Unisim Transformation completed in 0 CPU seconds
INFO: [Project 1-570] Preparing netlist for logic optimization
INFO: [Opt 31-138] Pushed 0 inverter(s) to 0 load pin(s).
Netlist sorting complete. Time (s): cpu = 00:00:00 ; elapsed = 00:00:00.001 . Memory (MB): peak = 1017.863 ; gain = 0.000
INFO: [Project 1-111] Unisim Transformation Summary:
  A total of 6 instances were transformed.
  LD => LDCE: 6 instances

INFO: [Common 17-83] Releasing license: Synthesis
22 Infos, 9 Warnings, 0 Critical Warnings and 0 Errors encountered.
synth_design completed successfully
synth_design: Time (s): cpu = 00:00:36 ; elapsed = 00:00:37 . Memory (MB): peak = 1017.863 ; gain = 712.969
Netlist sorting complete. Time (s): cpu = 00:00:00 ; elapsed = 00:00:00 . Memory (MB): peak = 1017.863 ; gain = 0.000
WARNING: [Constraints 18-5210] No constraints selected for write.
Resolution: This message can indicate that there are no constraints for the design, or it can indicate that the used_in flags are set such that the constraints are ignored. This later case is used when running synth_design to not write synthesis constraints to the resulting checkpoint. Instead, project constraints are read when the synthesized design is opened.
INFO: [Common 17-1381] The checkpoint 'C:/Users/xy424/Documents/VivadoRepository/lab10_3_1/lab10_3_1.runs/synth_1/mealycounter.dcp' has been generated.
INFO: [runtcl-4] Executing : report_utilization -file mealycounter_utilization_synth.rpt -pb mealycounter_utilization_synth.pb
INFO: [Common 17-206] Exiting Vivado at Fri Nov 13 21:24:20 2020...
